 Rho+ 2.0 18-05-97
 
Data read from file *                                                                          
    Freq (Hz) rho(ohm-m)  rhoerr    lg10rho lg10err phi(deg)  err   downweight
  1 8.960E+03   14.81      0.218      1.170  0.006   44.40    0.42  1.00  1.00
  2 2.240E+03   16.82      0.755      1.226  0.019   44.04    1.29  1.00  1.00
  3 1.600E+03   16.65       1.14      1.221  0.030   45.70    1.97  1.00  1.00
  4  800.       35.95       1.97      1.556  0.024   45.79    1.57  1.00  1.00
  5  448.       32.48      6.364E-02  1.512  0.001   47.19    0.06  1.00  1.00
  6  320.       31.24      5.643E-02  1.495  0.001   46.38    0.05  1.00  1.00
  7  224.       30.63      8.018E-02  1.486  0.001   45.60    0.08  1.00  1.00
  8  160.       30.52      7.746E-02  1.485  0.001   43.82    0.07  1.00  1.00
  9  112.       29.93      9.731E-02  1.476  0.001   41.90    0.09  1.00  1.00
 10  80.0       31.01      8.587E-02  1.491  0.001   39.34    0.08  1.00  1.00
 11  56.0       31.38      0.204      1.497  0.003   35.79    0.19  1.00  1.00
 12  40.0       36.78      0.178      1.566  0.002   34.95    0.14  1.00  1.00
 13  28.0       41.24      0.275      1.615  0.003   33.60    0.19  1.00  1.00
 14  20.0       46.35      0.396      1.666  0.004   32.76    0.24  1.00  1.00
 15  14.0       52.21      0.861      1.718  0.007   32.44    0.47  1.00  1.00
 16  10.0       52.38       1.58      1.719  0.013   33.88    0.86  1.00  1.00
 17  7.00       49.72       2.57      1.697  0.022   37.55    1.48  1.00  1.00
 18  5.00       54.88      0.479      1.739  0.004   42.37    0.25  1.00  1.00
 19  3.50       63.04      0.763      1.800  0.005   46.35    0.35  1.00  1.00
 20  2.50       63.70      0.806      1.804  0.005   52.84    0.36  1.00  1.00
 21  1.75       59.09      0.901      1.772  0.007   60.20    0.44  1.00  1.00
 22  1.25       50.40      0.686      1.702  0.006   66.36    0.39  1.00  1.00
 23 0.875       42.18      0.932      1.625  0.010   68.36    0.63  1.00  1.00
 24 0.625       30.87      0.841      1.490  0.012   71.00    0.78  1.00  1.00
 25 0.438       23.31       1.11      1.367  0.021   73.46    1.37  1.00  1.00
 26 0.312       15.59      0.637      1.193  0.018   74.31    1.17  1.00  1.00
 27 0.219       12.89      0.998      1.110  0.034   72.91    2.22  1.00  1.00
 28 0.156       9.066      0.829      0.957  0.040   73.40    2.62  1.00  1.00
 29 0.109       7.240      0.744      0.860  0.045   69.88    2.94  0.00  1.00
 30 7.812E-02   6.633      0.412      0.822  0.027   68.78    1.78  1.00  1.00
 31 5.469E-02   5.651      0.303      0.752  0.023   65.11    1.54  1.00  1.00
 32 3.906E-02   5.048      0.218      0.703  0.019   60.25    1.24  1.00  1.00
 33 2.734E-02   5.298      0.226      0.724  0.019   56.80    1.22  1.00  1.00
 34 1.953E-02   5.037      0.224      0.702  0.019   53.65    1.27  1.00  1.00
 35 1.367E-02   4.912      0.255      0.691  0.023   56.69    1.49  1.00  1.00
 36 9.766E-03   4.565      0.324      0.659  0.031   51.19    2.03  1.00  1.00
 37 6.836E-03   4.354      0.473      0.639  0.047   48.47    3.12  1.00  1.00
 38 4.883E-03   2.941      0.419      0.468  0.062   45.18    4.08  1.00  1.00
 39 3.418E-03   4.424      0.381      0.646  0.037   40.96    2.47  1.00  1.00
 40 2.441E-03   3.563      0.340      0.552  0.041   42.52    2.74  1.00  1.00
 41 1.709E-03   2.650      0.743      0.423  0.122   50.47    8.04  1.00  1.00

Report: Chisq:  1610.    
 
            Table of misfits between data and model predictions
 
                ----- Apparent Resistivity ------   ---------- Phase ----------
    freq        data    predicted     %dR/R  norm   data  predicted   dP   norm
                                                                   (scaled)    
  1 8.960E+03  14.81      17.07        15.3   9.7   44.40   44.12    -1.0   0.6
  2 2.240E+03  16.82      31.59        87.8  14.0   44.04   34.07   -34.8   7.8
  3 1.600E+03  16.65      36.09       116.8  11.3   45.70   37.14   -29.9   4.4
  4  800.      35.95      37.37         3.9   0.7   45.79   44.80    -3.5   0.6
  5  448.      32.48      32.99         1.6   8.0   47.19   46.98    -0.7   3.7
  6  320.      31.24      31.17        -0.3   1.4   46.38   46.28    -0.3   1.9
  7  224.      30.63      30.28        -1.1   4.3   45.60   45.00    -2.1   7.9
  8  160.      30.52      29.96        -1.9   7.4   43.82   43.71    -0.4   1.5
  9  112.      29.93      29.86        -0.2   0.7   41.90   41.98     0.3   0.9
 10  80.0      31.01      30.41        -1.9   7.0   39.34   39.74     1.4   5.1
 11  56.0      31.38      32.44         3.4   5.1   35.79   37.10     4.6   7.0
 12  40.0      36.78      36.12        -1.8   3.7   34.95   35.18     0.8   1.6
 13  28.0      41.24      41.71         1.1   1.7   33.60   34.55     3.3   5.0
 14  20.0      46.35      47.55         2.6   3.0   32.76   35.51     9.6  11.2
 15  14.0      52.21      52.74         1.0   0.6   32.44   37.67    18.2  11.1
 16  10.0      52.38      55.93         6.8   2.2   33.88   39.92    21.1   7.0
 17  7.00      49.72      58.44        17.5   3.1   37.55   42.05    15.7   3.0
 18  5.00      54.88      61.21        11.5  12.5   42.37   44.23     6.5   7.4
 19  3.50      63.04      64.19         1.8   1.5   46.35   47.71     4.7   3.9
 20  2.50      63.70      64.77         1.7   1.3   52.84   52.51    -1.1   0.9
 21  1.75      59.09      60.55         2.5   1.6   60.20   58.65    -5.4   3.5
 22  1.25      50.40      52.22         3.6   2.6   66.36   64.36    -7.0   5.1
 23 0.875      42.18      41.45        -1.7   0.8   68.36   69.30     3.3   1.5
 24 0.625      30.87      31.87         3.2   1.2   71.00   72.47     5.1   1.9
 25 0.438      23.31      23.62         1.4   0.3   73.46   74.16     2.5   0.5
 26 0.312      15.59      17.81        14.2   3.3   74.31   74.31    -0.0   0.0
 27 0.219      12.89      13.41         4.0   0.5   72.91   73.22     1.1   0.1
 28 0.156      9.066      10.52        16.1   1.6   73.40   71.34    -7.2   0.8
 29 0.109         --      8.362          -     -    69.88   68.75    -4.0   0.4
 30 7.812E-02  6.633      6.918         4.3   0.7   68.78   65.77   -10.5   1.7
 31 5.469E-02  5.651      5.891         4.3   0.8   65.11   62.08   -10.6   2.0
 32 3.906E-02  5.048      5.329         5.6   1.3   60.25   58.55    -5.9   1.4
 33 2.734E-02  5.298      5.036        -5.0   1.2   56.80   55.63    -4.1   1.0
 34 1.953E-02  5.037      4.854        -3.6   0.8   53.65   54.12     1.6   0.4
 35 1.367E-02  4.912      4.583        -6.7   1.3   56.69   53.36   -11.6   2.2
 36 9.766E-03  4.565      4.235        -7.2   1.1   51.19   52.40     4.2   0.6
 37 6.836E-03  4.354      3.900       -10.4   1.0   48.47   50.33     6.5   0.6
 38 4.883E-03  2.941      3.735        27.0   1.7   45.18   47.58     8.4   0.6
 39 3.418E-03  4.424      3.744       -15.4   1.9   40.96   44.75    13.2   1.5
 40 2.441E-03  3.563      3.842         7.8   0.8   42.52   42.89     1.3   0.1
 41 1.709E-03  2.650      3.902        47.2   1.4   50.47   41.51   -31.3   1.1

  - norm: missfit divided by data error (as modified by downweights)
  - %dR/R: (rho missfit)/rho in %
  - dP(scaled): (phase missfit) * 3.491 to give it same scale as %dR/R


Response summary matrix written to xy_ufb101a.rsp

Final Refinement: Chisq =   1547.    

>>> Model is attempting to reverse surface condition

>>> Unusual configuration at xi=  0.8237    
    A pole may be missing in the expansion
   1.000      0.1964E-01  0.1033       1.000    

                              Poles
 1.11281E-02 0.10476      13.727      86.749      329.03      1066.1    
  7898.8     1.60732E+06

                              Zeros
 3.92196E-03 3.10706E-02 0.24428      40.437      285.72      497.40    
  2234.3      68617.    


   a0 =      0.0000    
    n    lambda(n)          a(n)
    0      0.0000          66.441    
    1     1.11281E-02      83.728    
    2     0.10476          276.70    
    3      13.727          26976.    
    4      86.749          40020.    
    5      329.03          6258.6    
    6      1066.1          67476.    
    7      7898.8         4.68143E+05
    8     1.60732E+06     1.50546E+07

     Units are kilometers and siemens
level  depth      conductance   separation   total conductance
  1    0.0000       0.50803E-01    0.0000       0.50803E-01
  2   0.10138E-01    1.2654       0.10138E-01    1.3162    
  3   0.10789        5.1821       0.97747E-01    6.4982    
  4   0.35637        6.3360       0.24848        12.834    
  5    1.2246        12.470       0.86827        25.304    
  6    1.6072        21.808       0.38251        47.112    
  7    2.6534        1840.4        1.0463        1887.5    
  8    8.7021        4097.4        6.0486        5984.9    
  9    31.909        5992.2        23.207        11977.    
 Model terminates with an insulator

Just acceptable chi-squared level:  103.010
Confidence level of this misfit:      0.950
 
>>> Target chi-squared less than smallest possible
 All requested rho+ computations finished
