 Rho+ 2.0 18-05-97
 
Data read from file *                                                                          
    Freq (Hz) rho(ohm-m)  rhoerr    lg10rho lg10err phi(deg)  err   downweight
  1 8.960E+03   16.72      0.250      1.223  0.007   47.10    0.43  0.00  1.00
  2 2.240E+03   27.23      0.848      1.435  0.014   46.04    0.89  0.00  1.00
  3 1.600E+03   31.01       1.48      1.492  0.021   47.23    1.37  0.00  1.00
  4  800.       31.01       2.56      1.492  0.036   43.70    2.37  0.00  1.00
  5  448.       30.94      9.371E-02  1.491  0.001   47.21    0.09  0.00  1.00
  6  320.       29.90      5.752E-02  1.476  0.001   45.92    0.06  0.00  1.00
  7  224.       30.57      9.768E-02  1.485  0.001   44.86    0.09  0.00  1.00
  8  160.       29.85      6.922E-02  1.475  0.001   43.28    0.07  0.00  1.00
  9  112.       30.63      7.432E-02  1.486  0.001   41.18    0.07  0.00  1.00
 10  80.0       32.46      9.194E-02  1.511  0.001   38.29    0.08  0.00  1.00
 11  56.0       33.02      0.171      1.519  0.002   35.22    0.15  0.00  1.00
 12  40.0       37.35      0.124      1.572  0.001   34.49    0.10  0.00  1.00
 13  28.0       41.53      0.179      1.618  0.002   33.41    0.12  0.00  1.00
 14  20.0       46.45      0.189      1.667  0.002   32.68    0.12  0.00  1.00
 15  14.0       54.69      0.358      1.738  0.003   32.19    0.19  0.00  1.00
 16  10.0       60.51      0.772      1.782  0.006   32.53    0.37  0.00  1.00
 17  7.00       66.67       1.64      1.824  0.011   34.18    0.70  0.00  1.00
 18  5.00       60.75      0.261      1.784  0.002   40.16    0.12  0.00  1.00
 19  3.50       74.09      0.407      1.870  0.002   43.80    0.16  0.00  1.00
 20  2.50       76.05      0.419      1.881  0.002   49.97    0.16  0.00  1.00
 21  1.75       73.17      0.507      1.864  0.003   56.41    0.20  0.00  1.00
 22  1.25       59.40      0.430      1.774  0.003   63.23    0.21  0.00  1.00
 23 0.875       46.83      0.576      1.670  0.005   68.49    0.35  0.00  1.00
 24 0.625       39.11      0.521      1.592  0.006   70.91    0.38  0.00  1.00
 25 0.438       24.13      0.773      1.382  0.014   73.20    0.92  0.00  1.00
 26 0.312       17.51      0.796      1.243  0.020   75.04    1.30  0.00  1.00
 27 0.219       14.66       1.65      1.166  0.049   78.38    3.22  0.00  1.00
 28 0.156       9.963      0.926      0.998  0.040   73.78    2.66  0.00  1.00
 29 0.109       11.52      0.864      1.061  0.033   76.80    2.15  1.00  1.00
 30 7.812E-02   8.169      0.359      0.912  0.019   69.81    1.26  0.00  1.00
 31 5.469E-02   7.878      0.240      0.896  0.013   66.76    0.87  0.00  1.00
 32 3.906E-02   5.985      0.107      0.777  0.008   61.36    0.51  0.00  1.00
 33 2.734E-02   5.734      0.122      0.758  0.009   56.86    0.61  0.00  1.00
 34 1.953E-02   5.469      7.443E-02  0.738  0.006   54.44    0.39  0.00  1.00
 35 1.367E-02   5.741      0.117      0.759  0.009   53.62    0.58  0.00  1.00
 36 9.766E-03   5.933      0.275      0.773  0.020   52.33    1.33  0.00  1.00
 37 6.836E-03   5.606      0.430      0.749  0.033   55.41    2.20  0.00  1.00
 38 4.883E-03   4.345      0.513      0.638  0.051   59.75    3.38  0.00  1.00
 39 3.418E-03   4.573      0.256      0.660  0.024   60.40    1.61  0.00  1.00
 40 2.441E-03   4.282      0.228      0.632  0.023   68.20    1.52  0.00  1.00
 41 1.709E-03   4.088      0.420      0.612  0.045   72.94    2.94  0.00  1.00

Report: Chisq:  117.0    
 
            Table of misfits between data and model predictions
 
                ----- Apparent Resistivity ------   ---------- Phase ----------
    freq        data    predicted     %dR/R  norm   data  predicted   dP   norm
                                                                   (scaled)    
  1 8.960E+03     --      41.77          -     -    47.10   47.10     0.0   0.0
  2 2.240E+03     --      39.52          -     -    46.04   45.94    -0.3   0.1
  3 1.600E+03     --      39.31          -     -    47.23   47.50     1.0   0.2
  4  800.         --      34.67          -     -    43.70   49.06    18.7   2.3
  5  448.         --      31.86          -     -    47.21   47.17    -0.1   0.5
  6  320.         --      31.37          -     -    45.92   45.94     0.1   0.4
  7  224.         --      30.97          -     -    44.86   44.82    -0.2   0.5
  8  160.         --      30.48          -     -    43.28   43.37     0.3   1.4
  9  112.         --      30.47          -     -    41.18   41.01    -0.6   2.4
 10  80.0         --      31.71          -     -    38.29   38.34     0.2   0.6
 11  56.0         --      34.55          -     -    35.22   35.89     2.3   4.5
 12  40.0         --      38.31          -     -    34.49   34.34    -0.5   1.6
 13  28.0         --      43.03          -     -    33.41   33.28    -0.5   1.1
 14  20.0         --      48.51          -     -    32.68   32.62    -0.2   0.5
 15  14.0         --      56.11          -     -    32.19   32.56     1.3   2.0
 16  10.0         --      64.95          -     -    32.53   33.62     3.8   3.0
 17  7.00         --      74.88          -     -    34.18   36.12     6.8   2.8
 18  5.00         --      83.26          -     -    40.16   39.63    -1.9   4.4
 19  3.50         --      89.63          -     -    43.80   44.44     2.2   4.1
 20  2.50         --      91.33          -     -    49.97   50.00     0.1   0.2
 21  1.75         --      86.31          -     -    56.41   56.61     0.7   1.0
 22  1.25         --      75.38          -     -    63.23   62.69    -1.9   2.6
 23 0.875         --      60.66          -     -    68.49   68.06    -1.5   1.2
 24 0.625         --      47.25          -     -    70.91   71.70     2.8   2.1
 25 0.438         --      35.48          -     -    73.20   74.06     3.0   0.9
 26 0.312         --      26.95          -     -    75.04   75.15     0.4   0.1
 27 0.219         --      20.14          -     -    78.38   75.38   -10.5   0.9
 28 0.156         --      15.32          -     -    73.78   74.77     3.5   0.4
 29 0.109      11.52      11.52         0.0   0.0   76.80   73.06   -13.1   1.7
 30 7.812E-02     --      8.977          -     -    69.81   70.23     1.5   0.3
 31 5.469E-02     --      7.213          -     -    66.76   66.04    -2.5   0.8
 32 3.906E-02     --      6.264          -     -    61.36   61.52     0.5   0.3
 33 2.734E-02     --      5.822          -     -    56.86   57.17     1.1   0.5
 34 1.953E-02     --      5.728          -     -    54.44   54.43    -0.0   0.0
 35 1.367E-02     --      5.746          -     -    53.62   53.26    -1.3   0.6
 36 9.766E-03     --      5.749          -     -    52.33   53.47     4.0   0.9
 37 6.836E-03     --      5.718          -     -    55.41   54.89    -1.8   0.2
 38 4.883E-03     --      5.611          -     -    59.75   57.62    -7.4   0.6
 39 3.418E-03     --      5.269          -     -    60.40   62.07     5.8   1.0
 40 2.441E-03     --      4.648          -     -    68.20   67.17    -3.6   0.7
 41 1.709E-03     --      3.773          -     -    72.94   72.55    -1.4   0.1

  - norm: missfit divided by data error (as modified by downweights)
  - %dR/R: (rho missfit)/rho in %
  - dP(scaled): (phase missfit) * 3.491 to give it same scale as %dR/R


Response summary matrix written to yx_ufb101a.rsp

Final Refinement: Chisq =   116.9    

                              Poles
 2.16555E-02 9.04469E-02  1.5010      12.787      41.055      219.09    
  1538.9      11127.     1.50319E+05

                              Zeros
  0.0000     4.68904E-02 0.21307      1.7052      27.781      134.93    
  630.64      3422.6      33968.    


   a0 =      0.0000    
    n    lambda(n)          a(n)
    1     2.16555E-02      252.63    
    2     9.04469E-02      282.22    
    3      1.5010          639.78    
    4      12.787          29084.    
    5      41.055          22624.    
    6      219.09          30648.    
    7      1538.9          92992.    
    8      11127.         4.27255E+05
    9     1.50319E+05     2.79707E+06

     Units are kilometers and siemens
level  depth      conductance   separation   total conductance
  1    0.0000       0.23399        0.0000       0.23399    
  2   0.27191E-01    1.2382       0.27191E-01    1.4722    
  3   0.95669E-01    3.8586       0.68479E-01    5.3308    
  4   0.28980        5.6781       0.19413        11.009    
  5    1.1190        9.1511       0.82921        20.160    
  6    2.5967        50.193        1.4777        70.353    
  7    3.3282        739.07       0.73145        809.42    
  8    4.6757        821.79        1.3475        1631.2    
  9    13.031        4323.6        8.3550        5954.8    
       18.295          --         5.2647    
 Model terminates with a perfect conductor

Just acceptable chi-squared level:   58.124
Confidence level of this misfit:      0.950
 
>>> Target chi-squared less than smallest possible
 All requested rho+ computations finished
