 Rho+ 2.0 18-05-97
 
Data read from file *                                                                          
    Freq (Hz) rho(ohm-m)  rhoerr    lg10rho lg10err phi(deg)  err   downweight
  1 8.960E+03   7.730      6.296E-02  0.888  0.004   11.91    0.23  1.00  1.00
  2 4.480E+03   14.28      0.141      1.155  0.004  -19.96    0.28  1.00  0.00
  3 3.200E+03   36.25      0.359      1.559  0.004  -20.50    0.28  1.00  0.00
  4 2.240E+03   69.86      0.943      1.844  0.006  -11.38    0.39  1.00  0.00
  5 1.600E+03   105.9       1.58      2.025  0.006   -2.93    0.43  1.00  0.00
  6 1.120E+03   146.0       2.81      2.164  0.008    4.01    0.55  1.00  1.00
  7  800.       208.5       3.38      2.319  0.007    9.79    0.46  1.00  1.00
  8  640.       245.6      0.142      2.390  0.000   12.51    0.02  1.00  1.00
  9  448.       301.4      0.216      2.479  0.000   16.54    0.02  1.00  1.00
 10  320.       348.0      0.442      2.542  0.001   19.33    0.04  1.00  1.00
 11  224.       397.0       1.45      2.599  0.002   12.24    0.10  1.00  1.00
 12  160.       582.8       1.23      2.766  0.001    1.22    0.06  1.00  1.00
 13  112.       639.9       3.72      2.806  0.003    6.33    0.17  1.00  1.00
 14  80.0       1302.       4.89      3.115  0.002    4.06    0.11  1.00  1.00
 15  40.0       1772.       22.5      3.248  0.006   23.02    0.36  1.00  1.00
 16  28.0       1564.       24.8      3.194  0.007   31.94    0.45  1.00  1.00
 17  20.0       1456.       24.9      3.163  0.007   38.59    0.49  1.00  1.00
 18  14.0       1261.       29.1      3.101  0.010   47.60    0.66  1.00  1.00
 19  10.0       1065.       32.8      3.027  0.013   52.10    0.88  1.00  1.00
 20  7.00       825.9       27.5      2.917  0.014   55.90    0.95  1.00  1.00
 21  5.00       585.4       28.8      2.767  0.021   57.07    1.41  1.00  1.00
 22  3.50       578.7       2.94      2.762  0.002   57.98    0.15  1.00  1.00
 23  2.50       501.7       3.78      2.700  0.003   56.24    0.22  1.00  1.00
 24  1.75       446.7       5.37      2.650  0.005   53.10    0.34  1.00  1.00
 25  1.25       418.6       5.43      2.622  0.006   51.43    0.37  1.00  1.00
 26 0.875       427.8       11.4      2.631  0.012   47.72    0.76  1.00  1.00
 27 0.625       417.3       13.6      2.620  0.014   45.52    0.94  1.00  1.00
 28 0.438       408.1       8.63      2.611  0.009   47.00    0.61  1.00  1.00
 29 0.312       423.8       3.78      2.627  0.004   47.14    0.26  1.00  1.00
 30 0.219       432.0       5.66      2.635  0.006   48.64    0.38  1.00  1.00
 31 0.156       408.4       24.8      2.611  0.026   53.81    1.74  1.00  0.00
 32 7.812E-02   107.2       26.4      2.030  0.107   50.69    7.06  1.00  0.00
 33 5.469E-02   94.68       37.6      1.976  0.173   44.58   11.38  1.00  0.00
 34 3.906E-02   85.01       28.2      1.929  0.144   60.44    9.49  1.00  0.00
 35 2.734E-02   226.4       13.4      2.355  0.026   53.89    1.69  1.00  0.00
 36 1.367E-02   207.8       6.45      2.318  0.013   56.34    0.89  1.00  1.00
 37 9.766E-03   187.0       5.30      2.272  0.012   54.24    0.81  1.00  1.00
 38 6.836E-03   183.6       7.18      2.264  0.017   54.54    1.12  1.00  1.00
 39 4.883E-03   159.1       6.47      2.202  0.018   56.76    1.16  1.00  1.00
 40 3.418E-03   170.9       7.32      2.233  0.019   52.99    1.23  1.00  1.00
 41 2.441E-03   127.0       6.27      2.104  0.021   56.77    1.41  1.00  1.00
 42 1.709E-03   143.7       11.6      2.157  0.035   58.82    2.32  1.00  1.00

Report: Chisq: 0.1500E+06
 
            Table of misfits between data and model predictions
 
                ----- Apparent Resistivity ------   ---------- Phase ----------
    freq        data    predicted     %dR/R  norm   data  predicted   dP   norm
                                                                   (scaled)    
  1 8.960E+03  7.730      22.39       189.6 130.6   11.91    5.21   -23.4  28.7
  2 4.480E+03  14.28      44.06       208.5 114.4    --      4.49     -      - 
  3 3.200E+03  36.25      61.15        68.7  52.8    --      4.89     -      - 
  4 2.240E+03  69.86      86.06        23.2  15.5    --      5.87     -      - 
  5 1.600E+03  105.9      117.4        10.8   6.9    --      7.35     -      - 
  6 1.120E+03  146.0      159.8         9.4   4.7    4.01    9.47    19.1   9.9
  7  800.      208.5      207.1        -0.7   0.4    9.79   11.79     7.0   4.3
  8  640.      245.6      241.0        -1.9  32.7   12.51   13.28     2.7  46.6
  9  448.      301.4      298.7        -0.9  12.7   16.54   15.09    -5.1  70.9
 10  320.      348.0      361.4         3.9  29.8   19.33   15.81   -12.3  96.8
 11  224.      397.0      450.6        13.5  34.7   12.24   15.75    12.3  33.6
 12  160.      582.8      572.6        -1.8   8.4    1.22   15.68    50.5 238.7
 13  112.      639.9      759.0        18.6  29.4    6.33   16.43    35.3  60.7
 14  80.0      1302.      999.4       -23.2  70.4    4.06   18.50    50.4 134.2
 15  40.0      1772.      1646.        -7.1   5.8   23.02   28.11    17.8  14.0
 16  28.0      1564.      1928.        23.2  13.2   31.94   35.78    13.4   8.5
 17  20.0      1456.      2023.        38.9  19.2   38.59   43.91    18.6  10.9
 18  14.0      1261.      1893.        50.1  17.6   47.60   52.22    16.1   7.0
 19  10.0      1065.      1615.        51.7  13.5   52.10   58.60    22.7   7.4
 20  7.00      825.9      1277.        54.6  13.1   55.90   63.08    25.1   7.5
 21  5.00      585.4      994.1        69.8  10.8   57.07   64.91    27.4   5.6
 22  3.50      578.7      765.8        32.3  55.2   57.98   64.39    22.4  44.0
 23  2.50      501.7      620.2        23.6  28.2   56.24   61.90    19.8  26.3
 24  1.75      446.7      530.5        18.8  14.3   53.10   57.88    16.7  13.9
 25  1.25      418.6      494.2        18.1  12.8   51.43   53.91     8.7   6.7
 26 0.875      427.8      488.9        14.3   5.0   47.72   50.76    10.6   4.0
 27 0.625      417.3      495.0        18.6   5.2   45.52   49.29    13.2   4.0
 28 0.438      408.1      495.5        21.4   9.2   47.00   48.81     6.3   3.0
 29 0.312      423.8      489.0        15.4  16.1   47.14   48.53     4.9   5.5
 30 0.219      432.0      486.9        12.7   9.1   48.64   48.13    -1.8   1.4
 31 0.156      408.4      496.8        21.6   3.2    --     48.29     -      - 
 32 7.812E-02  107.2      507.9       373.9   6.3    --     53.09     -      - 
 33 5.469E-02  94.68      469.3       395.7   4.0    --     57.18     -      - 
 34 3.906E-02  85.01      405.5       377.0   4.7    --     60.51     -      - 
 35 2.734E-02  226.4      330.3        45.9   6.4    --     62.39     -      - 
 36 1.367E-02  207.8      224.0         7.8   2.4   56.34   60.30    13.8   4.5
 37 9.766E-03  187.0      199.0         6.4   2.2   54.24   57.64    11.9   4.2
 38 6.836E-03  183.6      186.4         1.5   0.4   54.54   55.26     2.5   0.6
 39 4.883E-03  159.1      179.8        13.0   3.0   56.76   54.29    -8.6   2.1
 40 3.418E-03  170.9      169.2        -1.0   0.2   52.99   54.49     5.2   1.2
 41 2.441E-03  127.0      152.3        19.9   3.7   56.77   54.70    -7.2   1.5
 42 1.709E-03  143.7      130.7        -9.0   1.2   58.82   53.49   -18.6   2.3

  - norm: missfit divided by data error (as modified by downweights)
  - %dR/R: (rho missfit)/rho in %
  - dP(scaled): (phase missfit) * 3.491 to give it same scale as %dR/R


Response summary matrix written to xy_bor600a.rsp

Final Refinement: Chisq =  1.4972E+05

>>> Model is attempting to reverse surface condition

                              Poles
 2.31456E-02 0.45775      3.3303      128.56      3126.3     1.61383E+06

                              Zeros
 4.14391E-03 5.81188E-02  1.3406      9.0342      2016.7     4.92218E+05


   a0 =      0.0000    
    n    lambda(n)          a(n)
    0      0.0000          412.62    
    1     2.31456E-02      1183.9    
    2     0.45775          12030.    
    3      3.3303          19994.    
    4      128.56         5.93622E+05
    5      3126.3         3.65801E+05
    6     1.61383E+06     2.26852E+06

     Units are kilometers and siemens
level  depth      conductance   separation   total conductance
  1    0.0000       0.24399        0.0000       0.24399    
  2   0.29047E-02   0.55858       0.29047E-02   0.80257    
  3   0.81142       0.57471       0.80852        1.3773    
  4    5.2908        23.132        4.4793        24.510    
  5    20.656        52.318        15.365        76.828    
  6    45.341        466.62        24.685        543.45    
  7    132.88        1385.1        87.534        1928.6    
 Model terminates with an insulator

Just acceptable chi-squared level:   96.217
Confidence level of this misfit:      0.950
 
>>> Target chi-squared less than smallest possible
 All requested rho+ computations finished
