 Rho+ 2.0 18-05-97
 
Data read from file *                                                                          
    Freq (Hz) rho(ohm-m)  rhoerr    lg10rho lg10err phi(deg)  err   downweight
  1 8.960E+03   147.8      0.756      2.170  0.002   17.51    0.15  0.00  1.00
  2 4.480E+03   168.5       1.95      2.227  0.005   18.37    0.33  0.00  1.00
  3 3.200E+03   221.4       2.68      2.345  0.005   17.81    0.35  0.00  1.00
  4 2.240E+03   357.1       4.02      2.553  0.005   17.60    0.32  0.00  1.00
  5 1.600E+03   488.2       3.23      2.689  0.003   18.84    0.19  0.00  1.00
  6 1.120E+03   611.6       5.02      2.786  0.004   19.63    0.24  0.00  1.00
  7  800.       767.7       5.28      2.885  0.003   20.66    0.20  0.00  1.00
  8  640.       866.6      0.494      2.938  0.000   21.64    0.02  0.00  1.00
  9  448.       1055.      0.644      3.023  0.000   22.11    0.02  0.00  1.00
 10  320.       1256.      0.956      3.099  0.000   22.41    0.02  0.00  1.00
 11  224.       1482.       3.71      3.171  0.001   22.12    0.07  0.00  1.00
 12  160.       1751.       12.0      3.243  0.003   19.21    0.20  0.00  1.00
 13  112.       1666.       24.0      3.222  0.006   18.68    0.41  0.00  1.00
 14  80.0       2396.       55.9      3.379  0.010   17.49    0.67  0.00  1.00
 15  40.0       3963.       32.3      3.598  0.004   34.85    0.23  0.00  1.00
 16  28.0       3981.       36.1      3.600  0.004   41.26    0.26  0.00  1.00
 17  20.0       3770.       39.1      3.576  0.005   46.53    0.30  0.00  1.00
 18  14.0       3383.       41.1      3.529  0.005   53.20    0.35  0.00  1.00
 19  10.0       2517.       51.6      3.401  0.009   58.08    0.59  0.00  1.00
 20  7.00       2276.       45.9      3.357  0.009   59.64    0.58  0.00  1.00
 21  5.00       1697.       63.5      3.230  0.016   58.49    1.07  0.00  1.00
 22  3.50       1631.       6.65      3.212  0.002   64.56    0.12  0.00  1.00
 23  2.50       1336.       5.36      3.126  0.002   65.20    0.11  0.00  1.00
 24  1.75       1105.       7.11      3.043  0.003   64.84    0.18  0.00  1.00
 25  1.25       968.1       6.12      2.986  0.003   64.51    0.18  0.00  1.00
 26 0.875       852.8       13.4      2.931  0.007   62.93    0.45  0.00  1.00
 27 0.625       720.0       19.4      2.857  0.012   62.84    0.77  0.00  1.00
 28 0.438       552.1       21.3      2.742  0.017   62.59    1.10  0.00  1.00
 29 0.312       280.2       3.49      2.447  0.005   63.54    0.36  0.00  1.00
 30 0.219       211.1       4.02      2.325  0.008   62.12    0.55  0.00  1.00
 31 0.156       205.4       32.8      2.312  0.069   65.17    4.57  0.00  1.00
 32 7.812E-02   165.7       24.1      2.219  0.063   60.33    4.16  1.00  1.00
 33 5.469E-02   197.5       34.5      2.295  0.076   57.92    5.00  0.00  1.00
 34 3.906E-02   221.3       28.4      2.345  0.056   60.51    3.67  0.00  1.00
 35 2.734E-02   166.3       6.60      2.221  0.017   49.56    1.14  0.00  1.00
 36 1.367E-02   196.8       4.14      2.294  0.009   42.56    0.60  0.00  1.00
 37 9.766E-03   236.4       3.99      2.374  0.007   40.62    0.48  0.00  1.00
 38 6.836E-03   273.3       6.42      2.437  0.010   41.41    0.67  0.00  1.00
 39 4.883E-03   298.9       6.18      2.476  0.009   44.67    0.59  0.00  1.00
 40 3.418E-03   306.5       7.10      2.486  0.010   48.91    0.66  0.00  1.00
 41 2.441E-03   295.6       8.52      2.471  0.013   54.16    0.83  0.00  1.00
 42 1.709E-03   206.7       15.4      2.315  0.032   59.50    2.13  0.00  1.00

Report: Chisq:  444.4    
 
            Table of misfits between data and model predictions
 
                ----- Apparent Resistivity ------   ---------- Phase ----------
    freq        data    predicted     %dR/R  norm   data  predicted   dP   norm
                                                                   (scaled)    
  1 8.960E+03     --      79.64          -     -    17.51   17.54     0.1   0.2
  2 4.480E+03     --      114.1          -     -    18.37   17.92    -1.6   1.4
  3 3.200E+03     --      140.8          -     -    17.81   17.73    -0.3   0.2
  4 2.240E+03     --      177.7          -     -    17.60   18.11     1.8   1.6
  5 1.600E+03     --      219.3          -     -    18.84   19.00     0.6   0.9
  6 1.120E+03     --      268.7          -     -    19.63   20.14     1.8   2.2
  7  800.         --      320.4          -     -    20.66   21.09     1.5   2.2
  8  640.         --      358.1          -     -    21.64   21.60    -0.1   2.5
  9  448.         --      424.2          -     -    22.11   22.20     0.3   5.1
 10  320.         --      495.8          -     -    22.41   22.32    -0.3   4.3
 11  224.         --      592.7          -     -    22.12   21.93    -0.7   2.7
 12  160.         --      722.4          -     -    19.21   21.55     8.2  11.9
 13  112.         --      919.4          -     -    18.68   22.03    11.7   8.1
 14  80.0         --      1167.          -     -    17.49   24.00    22.8   9.7
 15  40.0         --      1736.          -     -    34.85   33.66    -4.1   5.1
 16  28.0         --      1892.          -     -    41.26   40.73    -1.9   2.0
 17  20.0         --      1868.          -     -    46.53   47.36     2.9   2.8
 18  14.0         --      1698.          -     -    53.20   53.23     0.1   0.1
 19  10.0         --      1487.          -     -    58.08   57.30    -2.7   1.3
 20  7.00         --      1269.          -     -    59.64   60.42     2.7   1.3
 21  5.00         --      1080.          -     -    58.49   62.69    14.7   3.9
 22  3.50         --      894.4          -     -    64.56   64.45    -0.4   1.0
 23  2.50         --      739.3          -     -    65.20   65.23     0.1   0.3
 24  1.75         --      607.6          -     -    64.84   65.05     0.7   1.1
 25  1.25         --      516.2          -     -    64.51   64.28    -0.8   1.3
 26 0.875         --      446.1          -     -    62.93   63.47     1.9   1.2
 27 0.625         --      393.5          -     -    62.84   63.17     1.1   0.4
 28 0.438         --      341.2          -     -    62.59   63.28     2.4   0.6
 29 0.312         --      293.5          -     -    63.54   63.23    -1.1   0.9
 30 0.219         --      249.4          -     -    62.12   62.60     1.7   0.9
 31 0.156         --      216.7          -     -    65.17   61.58   -12.5   0.8
 32 7.812E-02  165.7      165.7         0.0   0.0   60.33   59.44    -3.1   0.2
 33 5.469E-02     --      142.9          -     -    57.92   57.64    -1.0   0.1
 34 3.906E-02     --      125.9          -     -    60.51   54.70   -20.3   1.6
 35 2.734E-02     --      115.8          -     -    49.56   50.39     2.9   0.7
 36 1.367E-02     --      123.9          -     -    42.56   42.33    -0.8   0.4
 37 9.766E-03     --      139.5          -     -    40.62   40.73     0.4   0.2
 38 6.836E-03     --      159.9          -     -    41.41   41.53     0.4   0.2
 39 4.883E-03     --      176.4          -     -    44.67   44.47    -0.7   0.3
 40 3.418E-03     --      184.1          -     -    48.91   49.09     0.6   0.3
 41 2.441E-03     --      180.0          -     -    54.16   54.07    -0.3   0.1
 42 1.709E-03     --      165.7          -     -    59.50   59.58     0.3   0.0

  - norm: missfit divided by data error (as modified by downweights)
  - %dR/R: (rho missfit)/rho in %
  - dP(scaled): (phase missfit) * 3.491 to give it same scale as %dR/R


Response summary matrix written to yx_bor600a.rsp

Final Refinement: Chisq =   444.4    

                              Poles
 8.86473E-03 2.60315E-02 9.98450E-02 0.60296      3.4624      8.5727    
  33.457      170.05      2444.1      8302.5      70931.    

                              Zeros
  0.0000     1.33980E-02 8.86530E-02 0.15516     0.99565      5.5440    
  9.8567      48.984      1581.8      6107.5      42812.    


   a0 =      0.0000    
    n    lambda(n)          a(n)
    1     8.86473E-03      624.10    
    2     2.60315E-02      1506.3    
    3     9.98450E-02      159.40    
    4     0.60296          3767.0    
    5      3.4624          13782.    
    6      8.5727          5000.2    
    7      33.457          68374.    
    8      170.05         5.75006E+05
    9      2444.1         3.37159E+05
   10      8302.5         4.13944E+05
   11      70931.         1.01257E+06

     Units are kilometers and siemens
level  depth      conductance   separation   total conductance
  1    0.0000       0.32722        0.0000       0.32722    
  2   0.77629E-01   0.28518       0.77629E-01   0.61241    
  3   0.53174       0.40629       0.45411        1.0187    
  4    1.6615       0.40860        1.1298        1.4273    
  5    4.7423        10.639        3.0808        12.066    
  6    7.5749        30.162        2.8326        42.229    
  7    13.259        66.779        5.6839        109.01    
  8    16.809        76.031        3.5501        185.04    
  9    29.137        203.82        12.328        388.86    
 10    108.87        665.15        79.735        1054.0    
 11    126.86        2909.3        17.984        3963.3    
       146.30          --         19.446    
 Model terminates with a perfect conductor

Just acceptable chi-squared level:   59.304
Confidence level of this misfit:      0.950
 
>>> Target chi-squared less than smallest possible
 All requested rho+ computations finished
